<?xml version="1.0" encoding="UTF-8"?>
<!-- Generated by org.testng.reporters.JUnitReportReporter -->
<testsuite hostname="Suganths-MacBook.local" failures="0" tests="5" name="com.docx.tests.AppointmentBookingTest" time="19.635" errors="0" timestamp="2026-06-25T14:25:09 IST" skipped="0">
  <testcase classname="com.docx.tests.AppointmentBookingTest" name="testAppointmentPageLoads" time="3.017"/>
  <testcase classname="com.docx.tests.AppointmentBookingTest" name="testAppointmentWithDoctorParams" time="2.469"/>
  <testcase classname="com.docx.tests.AppointmentBookingTest" name="testFindDoctorsPageLoads" time="4.370"/>
  <testcase classname="com.docx.tests.AppointmentBookingTest" name="testPharmacyPageLoads" time="5.315"/>
  <testcase classname="com.docx.tests.AppointmentBookingTest" name="testFaqPageLoads" time="4.464"/>
</testsuite> <!-- com.docx.tests.AppointmentBookingTest -->
