<?xml version="1.0" encoding="UTF-8"?>
<!-- Generated by org.testng.reporters.JUnitXMLReporter -->
<testsuite ignored="2" hostname="Suganths-MacBook.local" failures="7" tests="11" name="Authentication Tests" time="103.481" errors="0" timestamp="2026-06-25T14:24:50 IST">
  <testcase classname="com.docx.tests.PatientLoginTest" name="testLoginPageLoads" time="3.194"/>
  <testcase classname="com.docx.tests.PatientLoginTest" name="testEmptyFormShowsValidation" time="11.391">
    <failure type="java.lang.AssertionError" message="Inline validation error should appear when form is submitted empty expected [true] but found [false]">
      <![CDATA[java.lang.AssertionError: Inline validation error should appear when form is submitted empty expected [true] but found [false]
at com.docx.tests.PatientLoginTest.testEmptyFormShowsValidation(PatientLoginTest.java:55)
at java.base/java.util.ArrayList.forEach(ArrayList.java:1612)
... Removed 32 stack frames]]>
    </failure>
  </testcase> <!-- testEmptyFormShowsValidation -->
  <testcase classname="com.docx.tests.PatientLoginTest" name="testInvalidEmailFormat" time="11.834">
    <failure type="java.lang.AssertionError" message="Field error should appear for an invalid email format expected [true] but found [false]">
      <![CDATA[java.lang.AssertionError: Field error should appear for an invalid email format expected [true] but found [false]
at com.docx.tests.PatientLoginTest.testInvalidEmailFormat(PatientLoginTest.java:72)
at java.base/java.util.ArrayList.forEach(ArrayList.java:1612)
... Removed 32 stack frames]]>
    </failure>
  </testcase> <!-- testInvalidEmailFormat -->
  <testcase classname="com.docx.tests.PatientLoginTest" name="testShortPasswordValidation" time="11.534">
    <failure type="java.lang.AssertionError" message="Field error should appear for a password that is too short expected [true] but found [false]">
      <![CDATA[java.lang.AssertionError: Field error should appear for a password that is too short expected [true] but found [false]
at com.docx.tests.PatientLoginTest.testShortPasswordValidation(PatientLoginTest.java:89)
at java.base/java.util.ArrayList.forEach(ArrayList.java:1612)
... Removed 32 stack frames]]>
    </failure>
  </testcase> <!-- testShortPasswordValidation -->
  <testcase classname="com.docx.tests.PatientLoginTest" name="testWrongCredentialsShowError" time="3.684"/>
  <testcase classname="com.docx.tests.PatientLoginTest" name="testDoctorLoginPageLoads" time="1.266"/>
  <testcase classname="com.docx.tests.SignupValidationTest" name="testSignupPageLoads" time="1.3"/>
  <testcase classname="com.docx.tests.SignupValidationTest" name="testEmptyFormValidation" time="11.547">
    <failure type="java.lang.AssertionError" message="Validation errors should appear for empty form submission expected [true] but found [false]">
      <![CDATA[java.lang.AssertionError: Validation errors should appear for empty form submission expected [true] but found [false]
at com.docx.tests.SignupValidationTest.testEmptyFormValidation(SignupValidationTest.java:49)
at java.base/java.util.ArrayList.forEach(ArrayList.java:1612)
... Removed 32 stack frames]]>
    </failure>
  </testcase> <!-- testEmptyFormValidation -->
  <testcase classname="com.docx.tests.SignupValidationTest" name="testInvalidEmailValidation" time="11.392">
    <failure type="org.openqa.selenium.NoSuchElementException" message="no such element: Unable to locate element: {&amp;quot;method&amp;quot;:&amp;quot;css selector&amp;quot;,&amp;quot;selector&amp;quot;:&amp;quot;#signup\-firstName&amp;quot;}
  (Session info: chrome=149.0.7827.158)
For documentation on this error, please visit: https://www.selenium.dev/documentation/webdriver/troubleshooting/errors#no-such-element-exception
Build info: version: &amp;apos;4.27.0&amp;apos;, revision: &amp;apos;d6e718d134&amp;apos;
System info: os.name: &amp;apos;Mac OS X&amp;apos;, os.arch: &amp;apos;aarch64&amp;apos;, os.version: &amp;apos;26.5&amp;apos;, java.version: &amp;apos;26.0.1&amp;apos;
Driver info: org.openqa.selenium.chrome.ChromeDriver
Command: [eea8a7e422179b43ca3bc920a27e1018, findElement {value=signup-firstName, using=id}]
Capabilities {acceptInsecureCerts: false, browserName: chrome, browserVersion: 149.0.7827.158, chrome: {chromedriverVersion: 149.0.7827.155 (07b52360cc1..., userDataDir: /var/folders/_x/vtwm_77109l...}, fedcm:accounts: true, goog:chromeOptions: {debuggerAddress: localhost:49308}, goog:processID: 19782, networkConnectionEnabled: false, pageLoadStrategy: normal, platformName: mac, proxy: Proxy(), se:cdp: ws://localhost:49308/devtoo..., se:cdpVersion: 149.0.7827.158, setWindowRect: true, strictFileInteractability: false, timeouts: {implicit: 0, pageLoad: 300000, script: 30000}, unhandledPromptBehavior: dismiss and notify, webauthn:extension:credBlob: true, webauthn:extension:largeBlob: true, webauthn:extension:minPinLength: true, webauthn:extension:prf: true, webauthn:virtualAuthenticators: true}
Session ID: eea8a7e422179b43ca3bc920a27e1018">
      <![CDATA[org.openqa.selenium.NoSuchElementException: no such element: Unable to locate element: {"method":"css selector","selector":"#signup\-firstName"}
  (Session info: chrome=149.0.7827.158)
For documentation on this error, please visit: https://www.selenium.dev/documentation/webdriver/troubleshooting/errors#no-such-element-exception
Build info: version: '4.27.0', revision: 'd6e718d134'
System info: os.name: 'Mac OS X', os.arch: 'aarch64', os.version: '26.5', java.version: '26.0.1'
Driver info: org.openqa.selenium.chrome.ChromeDriver
Command: [eea8a7e422179b43ca3bc920a27e1018, findElement {value=signup-firstName, using=id}]
Capabilities {acceptInsecureCerts: false, browserName: chrome, browserVersion: 149.0.7827.158, chrome: {chromedriverVersion: 149.0.7827.155 (07b52360cc1..., userDataDir: /var/folders/_x/vtwm_77109l...}, fedcm:accounts: true, goog:chromeOptions: {debuggerAddress: localhost:49308}, goog:processID: 19782, networkConnectionEnabled: false, pageLoadStrategy: normal, platformName: mac, proxy: Proxy(), se:cdp: ws://localhost:49308/devtoo..., se:cdpVersion: 149.0.7827.158, setWindowRect: true, strictFileInteractability: false, timeouts: {implicit: 0, pageLoad: 300000, script: 30000}, unhandledPromptBehavior: dismiss and notify, webauthn:extension:credBlob: true, webauthn:extension:largeBlob: true, webauthn:extension:minPinLength: true, webauthn:extension:prf: true, webauthn:virtualAuthenticators: true}
Session ID: eea8a7e422179b43ca3bc920a27e1018
at org.openqa.selenium.remote.ErrorCodec.decode(ErrorCodec.java:167)
at org.openqa.selenium.remote.codec.w3c.W3CHttpResponseCodec.decode(W3CHttpResponseCodec.java:138)
at org.openqa.selenium.remote.codec.w3c.W3CHttpResponseCodec.decode(W3CHttpResponseCodec.java:50)
at org.openqa.selenium.remote.HttpCommandExecutor.execute(HttpCommandExecutor.java:190)
at org.openqa.selenium.remote.service.DriverCommandExecutor.invokeExecute(DriverCommandExecutor.java:216)
at org.openqa.selenium.remote.service.DriverCommandExecutor.execute(DriverCommandExecutor.java:174)
at org.openqa.selenium.remote.RemoteWebDriver.execute(RemoteWebDriver.java:545)
at org.openqa.selenium.remote.ElementLocation$ElementFinder$2.findElement(ElementLocation.java:165)
at org.openqa.selenium.remote.ElementLocation.findElement(ElementLocation.java:59)
at org.openqa.selenium.remote.RemoteWebDriver.findElement(RemoteWebDriver.java:368)
at org.openqa.selenium.remote.RemoteWebDriver.findElement(RemoteWebDriver.java:362)
at com.docx.tests.pages.SignupPage.enterFirstName(SignupPage.java:40)
at com.docx.tests.SignupValidationTest.testInvalidEmailValidation(SignupValidationTest.java:62)
at java.base/java.util.ArrayList.forEach(ArrayList.java:1612)
... Removed 32 stack frames]]>
    </failure>
  </testcase> <!-- testInvalidEmailValidation -->
  <testcase classname="com.docx.tests.SignupValidationTest" name="testPasswordMismatch" time="11.263">
    <failure type="org.openqa.selenium.NoSuchElementException" message="no such element: Unable to locate element: {&amp;quot;method&amp;quot;:&amp;quot;css selector&amp;quot;,&amp;quot;selector&amp;quot;:&amp;quot;#signup\-firstName&amp;quot;}
  (Session info: chrome=149.0.7827.158)
For documentation on this error, please visit: https://www.selenium.dev/documentation/webdriver/troubleshooting/errors#no-such-element-exception
Build info: version: &amp;apos;4.27.0&amp;apos;, revision: &amp;apos;d6e718d134&amp;apos;
System info: os.name: &amp;apos;Mac OS X&amp;apos;, os.arch: &amp;apos;aarch64&amp;apos;, os.version: &amp;apos;26.5&amp;apos;, java.version: &amp;apos;26.0.1&amp;apos;
Driver info: org.openqa.selenium.chrome.ChromeDriver
Command: [ed9838de7c43b5b313b4dce4fd676de8, findElement {value=signup-firstName, using=id}]
Capabilities {acceptInsecureCerts: false, browserName: chrome, browserVersion: 149.0.7827.158, chrome: {chromedriverVersion: 149.0.7827.155 (07b52360cc1..., userDataDir: /var/folders/_x/vtwm_77109l...}, fedcm:accounts: true, goog:chromeOptions: {debuggerAddress: localhost:49495}, goog:processID: 19802, networkConnectionEnabled: false, pageLoadStrategy: normal, platformName: mac, proxy: Proxy(), se:cdp: ws://localhost:49495/devtoo..., se:cdpVersion: 149.0.7827.158, setWindowRect: true, strictFileInteractability: false, timeouts: {implicit: 0, pageLoad: 300000, script: 30000}, unhandledPromptBehavior: dismiss and notify, webauthn:extension:credBlob: true, webauthn:extension:largeBlob: true, webauthn:extension:minPinLength: true, webauthn:extension:prf: true, webauthn:virtualAuthenticators: true}
Session ID: ed9838de7c43b5b313b4dce4fd676de8">
      <![CDATA[org.openqa.selenium.NoSuchElementException: no such element: Unable to locate element: {"method":"css selector","selector":"#signup\-firstName"}
  (Session info: chrome=149.0.7827.158)
For documentation on this error, please visit: https://www.selenium.dev/documentation/webdriver/troubleshooting/errors#no-such-element-exception
Build info: version: '4.27.0', revision: 'd6e718d134'
System info: os.name: 'Mac OS X', os.arch: 'aarch64', os.version: '26.5', java.version: '26.0.1'
Driver info: org.openqa.selenium.chrome.ChromeDriver
Command: [ed9838de7c43b5b313b4dce4fd676de8, findElement {value=signup-firstName, using=id}]
Capabilities {acceptInsecureCerts: false, browserName: chrome, browserVersion: 149.0.7827.158, chrome: {chromedriverVersion: 149.0.7827.155 (07b52360cc1..., userDataDir: /var/folders/_x/vtwm_77109l...}, fedcm:accounts: true, goog:chromeOptions: {debuggerAddress: localhost:49495}, goog:processID: 19802, networkConnectionEnabled: false, pageLoadStrategy: normal, platformName: mac, proxy: Proxy(), se:cdp: ws://localhost:49495/devtoo..., se:cdpVersion: 149.0.7827.158, setWindowRect: true, strictFileInteractability: false, timeouts: {implicit: 0, pageLoad: 300000, script: 30000}, unhandledPromptBehavior: dismiss and notify, webauthn:extension:credBlob: true, webauthn:extension:largeBlob: true, webauthn:extension:minPinLength: true, webauthn:extension:prf: true, webauthn:virtualAuthenticators: true}
Session ID: ed9838de7c43b5b313b4dce4fd676de8
at org.openqa.selenium.remote.ErrorCodec.decode(ErrorCodec.java:167)
at org.openqa.selenium.remote.codec.w3c.W3CHttpResponseCodec.decode(W3CHttpResponseCodec.java:138)
at org.openqa.selenium.remote.codec.w3c.W3CHttpResponseCodec.decode(W3CHttpResponseCodec.java:50)
at org.openqa.selenium.remote.HttpCommandExecutor.execute(HttpCommandExecutor.java:190)
at org.openqa.selenium.remote.service.DriverCommandExecutor.invokeExecute(DriverCommandExecutor.java:216)
at org.openqa.selenium.remote.service.DriverCommandExecutor.execute(DriverCommandExecutor.java:174)
at org.openqa.selenium.remote.RemoteWebDriver.execute(RemoteWebDriver.java:545)
at org.openqa.selenium.remote.ElementLocation$ElementFinder$2.findElement(ElementLocation.java:165)
at org.openqa.selenium.remote.ElementLocation.findElement(ElementLocation.java:59)
at org.openqa.selenium.remote.RemoteWebDriver.findElement(RemoteWebDriver.java:368)
at org.openqa.selenium.remote.RemoteWebDriver.findElement(RemoteWebDriver.java:362)
at com.docx.tests.pages.SignupPage.enterFirstName(SignupPage.java:40)
at com.docx.tests.SignupValidationTest.testPasswordMismatch(SignupValidationTest.java:82)
at java.base/java.util.ArrayList.forEach(ArrayList.java:1612)
... Removed 32 stack frames]]>
    </failure>
  </testcase> <!-- testPasswordMismatch -->
  <testcase classname="com.docx.tests.SignupValidationTest" name="testWeakPasswordValidation" time="11.497">
    <failure type="org.openqa.selenium.NoSuchElementException" message="no such element: Unable to locate element: {&amp;quot;method&amp;quot;:&amp;quot;css selector&amp;quot;,&amp;quot;selector&amp;quot;:&amp;quot;#signup\-firstName&amp;quot;}
  (Session info: chrome=149.0.7827.158)
For documentation on this error, please visit: https://www.selenium.dev/documentation/webdriver/troubleshooting/errors#no-such-element-exception
Build info: version: &amp;apos;4.27.0&amp;apos;, revision: &amp;apos;d6e718d134&amp;apos;
System info: os.name: &amp;apos;Mac OS X&amp;apos;, os.arch: &amp;apos;aarch64&amp;apos;, os.version: &amp;apos;26.5&amp;apos;, java.version: &amp;apos;26.0.1&amp;apos;
Driver info: org.openqa.selenium.chrome.ChromeDriver
Command: [9e076a876a5ea42195a78443a7f5163b, findElement {value=signup-firstName, using=id}]
Capabilities {acceptInsecureCerts: false, browserName: chrome, browserVersion: 149.0.7827.158, chrome: {chromedriverVersion: 149.0.7827.155 (07b52360cc1..., userDataDir: /var/folders/_x/vtwm_77109l...}, fedcm:accounts: true, goog:chromeOptions: {debuggerAddress: localhost:49679}, goog:processID: 19816, networkConnectionEnabled: false, pageLoadStrategy: normal, platformName: mac, proxy: Proxy(), se:cdp: ws://localhost:49679/devtoo..., se:cdpVersion: 149.0.7827.158, setWindowRect: true, strictFileInteractability: false, timeouts: {implicit: 0, pageLoad: 300000, script: 30000}, unhandledPromptBehavior: dismiss and notify, webauthn:extension:credBlob: true, webauthn:extension:largeBlob: true, webauthn:extension:minPinLength: true, webauthn:extension:prf: true, webauthn:virtualAuthenticators: true}
Session ID: 9e076a876a5ea42195a78443a7f5163b">
      <![CDATA[org.openqa.selenium.NoSuchElementException: no such element: Unable to locate element: {"method":"css selector","selector":"#signup\-firstName"}
  (Session info: chrome=149.0.7827.158)
For documentation on this error, please visit: https://www.selenium.dev/documentation/webdriver/troubleshooting/errors#no-such-element-exception
Build info: version: '4.27.0', revision: 'd6e718d134'
System info: os.name: 'Mac OS X', os.arch: 'aarch64', os.version: '26.5', java.version: '26.0.1'
Driver info: org.openqa.selenium.chrome.ChromeDriver
Command: [9e076a876a5ea42195a78443a7f5163b, findElement {value=signup-firstName, using=id}]
Capabilities {acceptInsecureCerts: false, browserName: chrome, browserVersion: 149.0.7827.158, chrome: {chromedriverVersion: 149.0.7827.155 (07b52360cc1..., userDataDir: /var/folders/_x/vtwm_77109l...}, fedcm:accounts: true, goog:chromeOptions: {debuggerAddress: localhost:49679}, goog:processID: 19816, networkConnectionEnabled: false, pageLoadStrategy: normal, platformName: mac, proxy: Proxy(), se:cdp: ws://localhost:49679/devtoo..., se:cdpVersion: 149.0.7827.158, setWindowRect: true, strictFileInteractability: false, timeouts: {implicit: 0, pageLoad: 300000, script: 30000}, unhandledPromptBehavior: dismiss and notify, webauthn:extension:credBlob: true, webauthn:extension:largeBlob: true, webauthn:extension:minPinLength: true, webauthn:extension:prf: true, webauthn:virtualAuthenticators: true}
Session ID: 9e076a876a5ea42195a78443a7f5163b
at org.openqa.selenium.remote.ErrorCodec.decode(ErrorCodec.java:167)
at org.openqa.selenium.remote.codec.w3c.W3CHttpResponseCodec.decode(W3CHttpResponseCodec.java:138)
at org.openqa.selenium.remote.codec.w3c.W3CHttpResponseCodec.decode(W3CHttpResponseCodec.java:50)
at org.openqa.selenium.remote.HttpCommandExecutor.execute(HttpCommandExecutor.java:190)
at org.openqa.selenium.remote.service.DriverCommandExecutor.invokeExecute(DriverCommandExecutor.java:216)
at org.openqa.selenium.remote.service.DriverCommandExecutor.execute(DriverCommandExecutor.java:174)
at org.openqa.selenium.remote.RemoteWebDriver.execute(RemoteWebDriver.java:545)
at org.openqa.selenium.remote.ElementLocation$ElementFinder$2.findElement(ElementLocation.java:165)
at org.openqa.selenium.remote.ElementLocation.findElement(ElementLocation.java:59)
at org.openqa.selenium.remote.RemoteWebDriver.findElement(RemoteWebDriver.java:368)
at org.openqa.selenium.remote.RemoteWebDriver.findElement(RemoteWebDriver.java:362)
at com.docx.tests.pages.SignupPage.enterFirstName(SignupPage.java:40)
at com.docx.tests.SignupValidationTest.testWeakPasswordValidation(SignupValidationTest.java:102)
at java.base/java.util.ArrayList.forEach(ArrayList.java:1612)
... Removed 32 stack frames]]>
    </failure>
  </testcase> <!-- testWeakPasswordValidation -->
  <testcase classname="com.docx.tests.base.BaseTest" name="@BeforeSuite setupDriverBinary" time="0.0">
    <ignored/>
  </testcase> <!-- @BeforeSuite setupDriverBinary -->
  <testcase classname="com.docx.tests.PatientLoginTest" name="testSuccessfulLoginRedirects" time="0.0">
    <ignored/>
  </testcase> <!-- testSuccessfulLoginRedirects -->
</testsuite> <!-- Authentication Tests -->
