<?xml version="1.0" encoding="UTF-8"?>
<!-- Generated by org.testng.reporters.JUnitXMLReporter -->
<testsuite ignored="0" hostname="Suganths-MacBook.local" failures="0" tests="5" name="Booking and Navigation Tests" time="19.656" errors="0" timestamp="2026-06-25T14:25:09 IST">
  <testcase classname="com.docx.tests.AppointmentBookingTest" name="testAppointmentPageLoads" time="1.339"/>
  <testcase classname="com.docx.tests.AppointmentBookingTest" name="testAppointmentWithDoctorParams" time="1.379"/>
  <testcase classname="com.docx.tests.AppointmentBookingTest" name="testFindDoctorsPageLoads" time="3.448"/>
  <testcase classname="com.docx.tests.AppointmentBookingTest" name="testPharmacyPageLoads" time="4.042"/>
  <testcase classname="com.docx.tests.AppointmentBookingTest" name="testFaqPageLoads" time="3.352"/>
</testsuite> <!-- Booking and Navigation Tests -->
